##GO_PROGRAM -1
def -1
integer -1
id 698
def -1
integer -1
id 699
def -1
integer -1
id 700
def -1
integer -1
id 326
const 48
def -1
integer -1
id 324
const 48
keyboardRead -1
( -1
id 698
) -1
keyboardRead -1
( -1
id 699
) -1
keyboardRead -1
( -1
id 700
) -1
condition -1
( -1
id 698
>= -1
) -1
{ -1
id 326
= -1
id 698
id 324
= -1
id 699
} -1
else -1
{ -1
id 326
= -1
id 699
id 324
= -1
id 698
} -1
condition -1
( -1
id 326
< -1
id 700
) -1
{ -1
id 326
= -1
id 700
} -1
condition -1
( -1
id 324
> -1
id 700
) -1
{ -1
id 324
= -1
id 700
} -1
screenWrite -1
( -1
id 326
) -1
screenWrite -1
( -1
id 324
) -1
##STOP_PROGRAM -1
