##GO_PROGRAM -1
def -1
integer -1
id--number1 698
; -1
def -1
integer -1
id--number2 699
; -1
def -1
integer -1
id--number3 700
; -1
def -1
integer -1
id--max 326
const0 48
; -1
def -1
integer -1
id--min 324
const0 48
; -1
keyboardRead -1
( -1
id--number1 698
) -1
; -1
keyboardRead -1
( -1
id--number2 699
) -1
; -1
keyboardRead -1
( -1
id--number3 700
) -1
; -1
condition -1
( -1
id--number1 698
> -1
id--number2 699
) -1
{ -1
id--max 326
= -1
id--number1 698
; -1
id--min 324
= -1
id--number2 699
; -1
} -1
else -1
{ -1
id--max 326
= -1
id--number2 699
; -1
id--min 324
= -1
id--number1 698
; -1
} -1
condition -1
( -1
id--max 326
< -1
id--number3 700
) -1
{ -1
id--max 326
= -1
id--number3 700
; -1
} -1
condition -1
( -1
id--min 324
> -1
id--number3 700
) -1
{ -1
id--min 324
= -1
id--number3 700
; -1
} -1
screenWrite -1
( -1
id--max 326
) -1
; -1
screenWrite -1
( -1
id--min 324
) -1
; -1
##STOP_PROGRAM -1
id--d 100
id--a 97
id--n 110
id--i 105
id--m 109
id--a 97
id--r 114
id--c 99
